Hikairus is playing Rick Astley - Never Gonna Give You Up (Official Music Video) url: https://www.youtube.com/watch?v=dQw4w9WgXcQ&t=54s
Comrade Gaster is playing Rick Astley - Never Gonna Give You Up - Cat Cover url: https://www.youtube.com/watch?v=K7XHy8nppf4
Comrade Gaster is playing Luis Fonsi - Despacito ft. Daddy Yankee url: https://www.youtube.com/watch?v=kJQP7kiw5Fk
Comrade Gaster is playing Luis Fonsi - Despacito ft. Daddy Yankee url: https://www.youtube.com/watch?v=kJQP7kiw5Fk
Comrade Gaster is playing Luis Fonsi - Despacito ft. Daddy Yankee url: https://www.youtube.com/watch?v=kJQP7kiw5Fk>
Hikairus is playing Pigstep by Lena Raine - One Hour Minecraft Music url: https://www.youtube.com/watch?v=SFapV5LXQ1A>
Hikairus is playing Wkurwianie Dundersztyca przez CB radio  (BAJO JAJO) url: https://www.youtube.com/watch?v=w9apWpMzICY>
Hikairus is playing FRIZ #Hot16Challenge2 url: https://www.youtube.com/watch?v=QQWnpfk_x7I>
Hikairus is playing Dragon Survival.eu Top donate 500zl w sklepie (min3zl) url: https://www.youtube.com/watch?v=FJ4wbt5lGiY>
Hikairus is playing SYSTEM LOSUJĄCY SKRZYNIE! KOMENDOWE INSTRUKCJE ODC 2 url: https://www.youtube.com/watch?v=lvS4vGgBPo8>
Hikairus is playing PARIS PLATYNOV HOTELOWY FREESTYLE O STARYM url: https://www.youtube.com/watch?v=YiHZVF-zUUY>
Hikairus is playing MGNG - BELWEDER (omamale) url: https://www.youtube.com/watch?v=JmheJG3mAbs>
Hikairus is playing Sela Banana! Mimoňi- Remix url: https://www.youtube.com/watch?v=zmHdDQfPMYc>
Comrade Gaster is playing most annoying noise ever# url: https://www.youtube.com/watch?v=sHbvLOtwaOs>
Comrade Gaster is playing most annoying noise ever# url: https://www.youtube.com/watch?v=sHbvLOtwaOs>
Hikairus is playing 5 DRAGONS RAPID SLOTS - 100 SPIN CHALLENGE CAN FREE PLAY GIVE US FREE MONEY, LOWROLLIN, LONEWULFRICK url: https://www.youtube.com/watch?v=UjnAh3tg_9s>
Hikairus is playing "Znowu Mam Bana" - A Minecraft Parody (Carly Rae Jepsen - Call Me Maybe) url: https://www.youtube.com/watch?v=7NZR9k72L9o>
Comrade Gaster is playing C&C Red Alert 3 Soviet March - Extended Version url: https://www.youtube.com/watch?v=tGqnXfOE25k>


Comrade Gaster is playing mao zedong propaganda music Red Sun in the Sky url: https://www.youtube.com/watch?v=OjNpRbNdR7E
Comrade Gaster is playing mao zedong propaganda music Red Sun in the Sky url: https://www.youtube.com/watch?v=OjNpRbNdR7E

Hikairus is playing Kacper Blonsky - ELUWINA!!! (prod. MikeJohnson x Merghani) url: https://www.youtube.com/watch?v=ao1dIq2XITo>

Hikairus is playing Wapiesz   hehe papież tańczy bass boosted url: https://www.youtube.com/watch?v=wpV-MilaTgg>

Hikairus is playing Wapiesz - hehe papież tańczy url: https://www.youtube.com/watch?v=2yusdx60_aw>
Comrade Gaster is playing mao zedong propaganda music Red Sun in the Sky url: https://www.youtube.com/watch?v=OjNpRbNdR7E

Comrade Gaster is playing Among Us Drip (1 hour perfect loop) url: https://www.youtube.com/watch?v=T59N3DPrvac>

Comrade Gaster is playing "Znowu Mam Bana" - A Minecraft Parody (Carly Rae Jepsen - Call Me Maybe) url: https://www.youtube.com/watch?v=7NZR9k72L9o>

Hikairus is playing Los Del Rio - Macarena (Bayside Boys Remix) url: https://www.youtube.com/watch?v=zWaymcVmJ-A>

Hikairus is playing MELISA feat TOMMO - I'M ALONE by TommoProduction (Lyrics) url: https://www.youtube.com/watch?v=qTNY187LUmg>

Hikairus is playing Anuel AA, Daddy Yankee, Karol G, Ozuna & J Balvin - China (Video Oficial) url: https://www.youtube.com/watch?v=0VR3dfZf9Yg>

Hikairus is playing ROBLOX China - Red Sun In The Sky url: https://www.youtube.com/watch?v=qjnREde32XM>

Hikairus is playing "MY STICK!" — A Bad Lip Reading of The Last Jedi url: https://www.youtube.com/watch?v=3Xl0Qr0uXuY>

Hikairus is playing "MY STICK!" — A Bad Lip Reading of The Last Jedi url: https://www.youtube.com/watch?v=3Xl0Qr0uXuY>

Hikairus is playing "MY STICK!" — A Bad Lip Reading of The Last Jedi url: https://www.youtube.com/watch?v=3Xl0Qr0uXuY>

Hikairus is playing BAD LIP READING/ YODA/LUKE SKYWALKER   -  MY STICK (1 HOUR LOOP ) url: https://www.youtube.com/watch?v=HxZRt5TUFhI>

Hikairus is playing "MY STICK!" — A Bad Lip Reading of The Last Jedi url: https://www.youtube.com/watch?v=3Xl0Qr0uXuY>

Comrade Gaster is playing 5 MUST KNOW tips for TETRIS beginners! url: https://www.youtube.com/watch?v=lCPeBiRe8GU>

Comrade Gaster is playing C&C Red Alert 3 Soviet March - Extended Version url: https://www.youtube.com/watch?v=tGqnXfOE25k>

Comrade Gaster is playing "MY STICK!" — A Bad Lip Reading of The Last Jedi url: https://www.youtube.com/watch?v=3Xl0Qr0uXuY>

Comrade Gaster is playing Undertale - Papyrus Theme Song - Bonetrousle url: https://www.youtube.com/watch?v=FezNgPThD3M>

Comrade Gaster is playing Undertale - Papyrus Theme Song - Bonetrousle url: https://www.youtube.com/watch?v=FezNgPThD3M>

Hikairus is playing "MY STICK!" — A Bad Lip Reading of The Last Jedi url: https://www.youtube.com/watch?v=3Xl0Qr0uXuY>

Comrade Gaster is playing Undertale - Papyrus Theme Song - Bonetrousle url: https://www.youtube.com/watch?v=FezNgPThD3M>

Hikairus is playing "MY STICK!" — A Bad Lip Reading of The Last Jedi url: https://www.youtube.com/watch?v=3Xl0Qr0uXuY>

Hikairus is playing śpiulkolot essa url: https://www.youtube.com/watch?v=AnevP7iUDOk>

Hikairus is playing śpiulkolot essa url: https://www.youtube.com/watch?v=AnevP7iUDOk>

Hikairus is playing EKIPA - 3KIPA url: https://www.youtube.com/watch?v=RjRnxs0edZs>

Hikairus is playing EKIPA - 3KIPA url: https://www.youtube.com/watch?v=RjRnxs0edZs>

Hikairus is playing EKIPA-ZAEBYŚCIE 1H url: https://www.youtube.com/watch?v=0DIUSDwdZvI>

Comrade Gaster is playing 1 HOUR Super Mario Bros Theme Song url: https://www.youtube.com/watch?v=3ijDdxmoiX0>

Hikairus is playing Mata - Papuga ft. Quebonafide, Malik Montana url: https://www.youtube.com/watch?v=QjWxUfTTMu4>

Hikairus is playing Mata - MC url: https://www.youtube.com/watch?v=nf-EYOytw0k>

Comrade Gaster is playing OFFICIAL ANTHEM OF THE SUPREME SOVIET - 1984 VERSION url: https://www.youtube.com/watch?v=rHomETco0MI>

Comrade Gaster is playing C&C Red Alert 3 Soviet March - Extended Version url: https://www.youtube.com/watch?v=tGqnXfOE25k>

Comrade Gaster is playing British National Anthem - "God Save The Queen" (EN) url: https://www.youtube.com/watch?v=I8KSAtos-dk>

Comrade Gaster is playing Moskau 1979 [8 Bit Tribute to Dschinghis Khan] - 8 Bit Universe url: https://www.youtube.com/watch?v=pUopfK1DOy0>

Comrade Gaster is playing Dschinghis Khan - Moskau (8-Bit || Chiptune) url: https://www.youtube.com/watch?v=DvZibPx6ifM>

Comrade Gaster is playing 1 HOUR Super Mario Bros Theme Song url: https://www.youtube.com/watch?v=3ijDdxmoiX0>

Comrade Gaster is playing BENDY AND THE INK MACHINE SONG (Build Our Machine) LYRIC VIDEO - DAGames url: https://www.youtube.com/watch?v=ZstsPUKT5CI>

Comrade Gaster is playing 1 HOUR Super Mario Bros Theme Song url: https://www.youtube.com/watch?v=3ijDdxmoiX0>

Comrade Gaster is playing 1 HOUR Super Mario Bros Theme Song url: https://www.youtube.com/watch?v=3ijDdxmoiX0>

Comrade Gaster is playing Mario's Most Dangerous Escape Room (Mr Beast "World's Most Dangerous Escape Room" Parody by ZXMany) url: https://www.youtube.com/watch?v=M6AyRoflsJY>

Comrade Gaster is playing Undertale - Megalovania url: https://www.youtube.com/watch?v=wDgQdr8ZkTw>

Hikairus is playing Test " F Shhhh Goin On " (Official Video) url: https://www.youtube.com/watch?v=T62g0xbk1qc>

Comrade Gaster is playing Undertale - Megalovania url: https://www.youtube.com/watch?v=wDgQdr8ZkTw>

Comrade Gaster is playing Undertale - Megalovania url: https://www.youtube.com/watch?v=wDgQdr8ZkTw>
